  Compiling CUDA source file kernel.cu...
  
  G:\ユーザー\ToTTi\Desktop\program\git-sourcetree\buddhabrot\buddhabrot>"G:\Program Files\NVIDIA GPU Computing Toolkit\CUDA\v10.1\bin\nvcc.exe" -gencode=arch=compute_35,code=\"sm_35,compute_35\" --use-local-env -ccbin "C:\Program Files (x86)\Microsoft Visual Studio\2019\Community\VC\Tools\MSVC\14.22.27905\bin\HostX86\x64" -x cu  -I"G:\Program Files\NVIDIA GPU Computing Toolkit\CUDA\v10.1\include" -I"G:\Program Files\NVIDIA GPU Computing Toolkit\CUDA\v10.1\include"     --keep-dir x64\Release -maxrregcount=0  --machine 64 --compile -cudart static -Xcompiler -wd4819    -DWIN32 -DWIN64 -DNDEBUG -D_CONSOLE -D_MBCS -Xcompiler "/EHsc /W3 /nologo /O2 /Fdx64\Release\vc142.pdb /FS /Zi  /MD " -o x64\Release\kernel.cu.obj "G:\ユーザー\ToTTi\Desktop\program\git-sourcetree\buddhabrot\buddhabrot\kernel.cu" 
G:/ユーザー/ToTTi/Desktop/program/git-sourcetree/buddhabrot/buddhabrot/kernel.cu(145): warning : variable "index" was declared but never referenced
  
G:/ユーザー/ToTTi/Desktop/program/git-sourcetree/buddhabrot/buddhabrot/kernel.cu(275): warning : transfer of control bypasses initialization of:
              variable "rtblocks"
  (292): here
              variable "rtthreads"
  (292): here
              variable "importance"
  (312): here
              variable "sum"
  (325): here
              variable "rtindex"
  (325): here
              variable "randTable"
  (335): here
  
G:/ユーザー/ToTTi/Desktop/program/git-sourcetree/buddhabrot/buddhabrot/kernel.cu(284): warning : transfer of control bypasses initialization of:
              variable "rtblocks"
  (292): here
              variable "rtthreads"
  (292): here
              variable "importance"
  (312): here
              variable "sum"
  (325): here
              variable "rtindex"
  (325): here
              variable "randTable"
  (335): here
  
G:/ユーザー/ToTTi/Desktop/program/git-sourcetree/buddhabrot/buddhabrot/kernel.cu(298): warning : transfer of control bypasses initialization of:
              variable "importance"
  (312): here
              variable "sum"
  (325): here
              variable "rtindex"
  (325): here
              variable "randTable"
  (335): here
  
G:/ユーザー/ToTTi/Desktop/program/git-sourcetree/buddhabrot/buddhabrot/kernel.cu(309): warning : transfer of control bypasses initialization of:
              variable "importance"
  (312): here
              variable "sum"
  (325): here
              variable "rtindex"
  (325): here
              variable "randTable"
  (335): here
  
G:/ユーザー/ToTTi/Desktop/program/git-sourcetree/buddhabrot/buddhabrot/kernel.cu(321): warning : transfer of control bypasses initialization of:
              variable "sum"
  (325): here
              variable "rtindex"
  (325): here
              variable "randTable"
  (335): here
  
G:/ユーザー/ToTTi/Desktop/program/git-sourcetree/buddhabrot/buddhabrot/kernel.cu(275): warning : transfer of control bypasses initialization of:
              variable "rtblocks"
  (292): here
              variable "rtthreads"
  (292): here
              variable "importance"
  (312): here
              variable "sum"
  (325): here
              variable "rtindex"
  (325): here
              variable "randTable"
  (335): here
  
G:/ユーザー/ToTTi/Desktop/program/git-sourcetree/buddhabrot/buddhabrot/kernel.cu(284): warning : transfer of control bypasses initialization of:
              variable "rtblocks"
  (292): here
              variable "rtthreads"
  (292): here
              variable "importance"
  (312): here
              variable "sum"
  (325): here
              variable "rtindex"
  (325): here
              variable "randTable"
  (335): here
  
G:/ユーザー/ToTTi/Desktop/program/git-sourcetree/buddhabrot/buddhabrot/kernel.cu(298): warning : transfer of control bypasses initialization of:
              variable "importance"
  (312): here
              variable "sum"
  (325): here
              variable "rtindex"
  (325): here
              variable "randTable"
  (335): here
  
G:/ユーザー/ToTTi/Desktop/program/git-sourcetree/buddhabrot/buddhabrot/kernel.cu(309): warning : transfer of control bypasses initialization of:
              variable "importance"
  (312): here
              variable "sum"
  (325): here
              variable "rtindex"
  (325): here
              variable "randTable"
  (335): here
  
G:/ユーザー/ToTTi/Desktop/program/git-sourcetree/buddhabrot/buddhabrot/kernel.cu(321): warning : transfer of control bypasses initialization of:
              variable "sum"
  (325): here
              variable "rtindex"
  (325): here
              variable "randTable"
  (335): here
  
  kernel.cu
G:/ユ[ザ[/ToTTi/Desktop/program/git-sourcetree/buddhabrot/buddhabrot/kernel.cu(250): warning C4244: '=': 'unsigned __int64' から 'int' への変換です。データが失われる可能性があります。
G:/ユ[ザ[/ToTTi/Desktop/program/git-sourcetree/buddhabrot/buddhabrot/kernel.cu(251): warning C4244: '=': 'unsigned __int64' から 'int' への変換です。データが失われる可能性があります。
G:/ユ[ザ[/ToTTi/Desktop/program/git-sourcetree/buddhabrot/buddhabrot/kernel.cu(256): warning C4244: '=': 'double' から 'int' への変換です。データが失われる可能性があります。
G:/ユ[ザ[/ToTTi/Desktop/program/git-sourcetree/buddhabrot/buddhabrot/kernel.cu(340): warning C4244: '=': 'double' から 'float' への変換です。データが失われる可能性があります。
G:/ユ[ザ[/ToTTi/Desktop/program/git-sourcetree/buddhabrot/buddhabrot/kernel.cu(341): warning C4244: '=': 'double' から 'float' への変換です。データが失われる可能性があります。
G:/ユ[ザ[/ToTTi/Desktop/program/git-sourcetree/buddhabrot/buddhabrot/kernel.cu(409): warning C4533: 'rtthreads' の初期化が 'goto Error' によって行われませんでした。
  G:/ユ[ザ[/ToTTi/Desktop/program/git-sourcetree/buddhabrot/buddhabrot/kernel.cu(292): note: 'rtthreads' の宣言を確認してください
  G:/ユ[ザ[/ToTTi/Desktop/program/git-sourcetree/buddhabrot/buddhabrot/kernel.cu(409): note: 'Error' の宣言を確認してください
G:/ユ[ザ[/ToTTi/Desktop/program/git-sourcetree/buddhabrot/buddhabrot/kernel.cu(409): warning C4533: 'rtblocks' の初期化が 'goto Error' によって行われませんでした。
  G:/ユ[ザ[/ToTTi/Desktop/program/git-sourcetree/buddhabrot/buddhabrot/kernel.cu(292): note: 'rtblocks' の宣言を確認してください
  G:/ユ[ザ[/ToTTi/Desktop/program/git-sourcetree/buddhabrot/buddhabrot/kernel.cu(409): note: 'Error' の宣言を確認してください
     ライブラリ G:\ユーザー\ToTTi\Desktop\program\git-sourcetree\buddhabrot\x64\Release\buddhabrot.lib とオブジェクト G:\ユーザー\ToTTi\Desktop\program\git-sourcetree\buddhabrot\x64\Release\buddhabrot.exp を作成中
  LINK : /LTCG が指定されましたが、コードの生成は必要ありません。リンク コマンド ラインから /LTCG を削除し、リンカーの性能を改善してください。
  buddhabrot.vcxproj -> G:\ユーザー\ToTTi\Desktop\program\git-sourcetree\buddhabrot\x64\Release\buddhabrot.exe
